<?xml version="1.0" encoding="UTF-8"?>
<coverage generated="1709158349580" clover="3.2.0">
  <project timestamp="1709158349580" name="All files">
    <metrics statements="28" coveredstatements="18" conditionals="3" coveredconditionals="2" methods="2" coveredmethods="1" elements="33" coveredelements="21" complexity="0" loc="28" ncloc="28" packages="1" files="2" classes="2"/>
    <file name="App.tsx" path="/Users/danielshijakovski/Desktop/Daniel/Sandbox/vite-deploy/src/App.tsx">
      <metrics statements="18" coveredstatements="18" conditionals="2" coveredconditionals="2" methods="1" coveredmethods="1"/>
      <line num="1" count="1" type="stmt"/>
      <line num="2" count="1" type="stmt"/>
      <line num="3" count="2" type="cond" truecount="1" falsecount="0"/>
      <line num="4" count="2" type="stmt"/>
      <line num="5" count="2" type="stmt"/>
      <line num="6" count="2" type="stmt"/>
      <line num="7" count="2" type="stmt"/>
      <line num="8" count="2" type="cond" truecount="1" falsecount="0"/>
      <line num="9" count="154" type="stmt"/>
      <line num="10" count="154" type="stmt"/>
      <line num="11" count="154" type="stmt"/>
      <line num="12" count="2" type="stmt"/>
      <line num="13" count="2" type="stmt"/>
      <line num="14" count="2" type="stmt"/>
      <line num="15" count="2" type="stmt"/>
      <line num="16" count="2" type="stmt"/>
      <line num="17" count="1" type="stmt"/>
      <line num="18" count="1" type="stmt"/>
    </file>
    <file name="main.tsx" path="/Users/danielshijakovski/Desktop/Daniel/Sandbox/vite-deploy/src/main.tsx">
      <metrics statements="10" coveredstatements="0" conditionals="1" coveredconditionals="0" methods="1" coveredmethods="0"/>
      <line num="1" count="0" type="cond" truecount="0" falsecount="1"/>
      <line num="2" count="0" type="stmt"/>
      <line num="3" count="0" type="stmt"/>
      <line num="4" count="0" type="stmt"/>
      <line num="5" count="0" type="stmt"/>
      <line num="6" count="0" type="stmt"/>
      <line num="7" count="0" type="stmt"/>
      <line num="8" count="0" type="stmt"/>
      <line num="9" count="0" type="stmt"/>
      <line num="10" count="0" type="stmt"/>
    </file>
  </project>
</coverage>
